2025-08-07 10:43:24 - 
Experiment Configuration:
2025-08-07 10:43:24 - --------------------------------------------------
2025-08-07 10:43:24 - dataset: ds005863
2025-08-07 10:43:24 - use_combined_datasets: False
2025-08-07 10:43:24 - electrode_list: common
2025-08-07 10:43:24 - classifier: ShallowFBCSPNet
2025-08-07 10:43:24 - separate_subject_classification: False
2025-08-07 10:43:24 - use_subject_layer: True
2025-08-07 10:43:24 - seeds: [1]
2025-08-07 10:43:24 - --------------------------------------------------
2025-08-07 10:43:24 - 
==================================================
2025-08-07 10:43:24 - Processing Active Visual Oddball Dataset
2025-08-07 10:43:24 - ==================================================
2025-08-07 10:47:35 - Subject: sub_001, Accuracy: 64.865%
2025-08-07 10:47:35 - Subject: sub_002, Accuracy: 81.081%
2025-08-07 10:47:35 - Subject: sub_003, Accuracy: 70.588%
2025-08-07 10:47:35 - Subject: sub_004, Accuracy: 67.500%
2025-08-07 10:47:35 - Subject: sub_005, Accuracy: 78.000%
2025-08-07 10:47:35 - Subject: sub_006, Accuracy: 81.250%
2025-08-07 10:47:35 - Subject: sub_007, Accuracy: 80.000%
2025-08-07 10:47:35 - Subject: sub_008, Accuracy: 90.625%
2025-08-07 10:47:35 - Subject: sub_009, Accuracy: 68.421%
2025-08-07 10:47:35 - Subject: sub_010, Accuracy: 73.913%
2025-08-07 10:47:35 - Subject: sub_011, Accuracy: 86.842%
2025-08-07 10:47:35 - Subject: sub_012, Accuracy: 82.500%
2025-08-07 10:47:35 - Subject: sub_013, Accuracy: 76.316%
2025-08-07 10:47:35 - Subject: sub_014, Accuracy: 72.917%
2025-08-07 10:47:35 - Subject: sub_015, Accuracy: 74.000%
2025-08-07 10:47:35 - Subject: sub_016, Accuracy: 74.359%
2025-08-07 10:47:35 - Subject: sub_017, Accuracy: 75.610%
2025-08-07 10:47:35 - Subject: sub_018, Accuracy: 85.294%
2025-08-07 10:47:35 - Subject: sub_019, Accuracy: 83.333%
2025-08-07 10:47:35 - Subject: sub_020, Accuracy: 86.667%
2025-08-07 10:47:35 - Subject: sub_021, Accuracy: 76.471%
2025-08-07 10:47:35 - Subject: sub_022, Accuracy: 70.588%
2025-08-07 10:47:35 - Subject: sub_023, Accuracy: 88.372%
2025-08-07 10:47:35 - Subject: sub_024, Accuracy: 70.213%
2025-08-07 10:47:35 - Subject: sub_025, Accuracy: 68.085%
2025-08-07 10:47:35 - Subject: sub_026, Accuracy: 71.739%
2025-08-07 10:47:35 - Subject: sub_027, Accuracy: 89.130%
2025-08-07 10:47:35 - Subject: sub_028, Accuracy: 79.070%
2025-08-07 10:47:35 - Subject: sub_029, Accuracy: 88.095%
2025-08-07 10:47:35 - Subject: sub_030, Accuracy: 85.417%
2025-08-07 10:47:35 - Subject: sub_031, Accuracy: 84.615%
2025-08-07 10:47:35 - Subject: sub_032, Accuracy: 75.000%
2025-08-07 10:47:35 - Subject: sub_033, Accuracy: 81.081%
2025-08-07 10:47:35 - Subject: sub_034, Accuracy: 78.947%
2025-08-07 10:47:35 - Subject: sub_035, Accuracy: 81.818%
2025-08-07 10:47:35 - Subject: sub_036, Accuracy: 75.862%
2025-08-07 10:47:35 - Subject: sub_037, Accuracy: 84.000%
2025-08-07 10:47:35 - Subject: sub_038, Accuracy: 78.049%
2025-08-07 10:47:35 - Subject: sub_039, Accuracy: 74.359%
2025-08-07 10:47:35 - Subject: sub_040, Accuracy: 79.545%
2025-08-07 10:47:35 - Subject: sub_041, Accuracy: 77.551%
2025-08-07 10:47:35 - Subject: sub_042, Accuracy: 78.261%
2025-08-07 10:47:35 - Subject: sub_043, Accuracy: 85.417%
2025-08-07 10:47:35 - Subject: sub_044, Accuracy: 78.049%
2025-08-07 10:47:35 - Subject: sub_045, Accuracy: 88.235%
2025-08-07 10:47:35 - Subject: sub_046, Accuracy: 76.471%
2025-08-07 10:47:35 - Subject: sub_047, Accuracy: 71.875%
2025-08-07 10:47:35 - Subject: sub_048, Accuracy: 77.778%
2025-08-07 10:47:35 - Subject: sub_049, Accuracy: 84.444%
2025-08-07 10:47:35 - Subject: sub_050, Accuracy: 82.051%
2025-08-07 10:47:35 - Subject: sub_051, Accuracy: 83.721%
2025-08-07 10:47:35 - Subject: sub_052, Accuracy: 77.083%
2025-08-07 10:47:35 - Subject: sub_053, Accuracy: 87.179%
2025-08-07 10:47:35 - Subject: sub_054, Accuracy: 78.000%
2025-08-07 10:47:35 - Subject: sub_056, Accuracy: 82.000%
2025-08-07 10:47:35 - Subject: sub_057, Accuracy: 71.111%
2025-08-07 10:47:35 - Subject: sub_058, Accuracy: 83.721%
2025-08-07 10:47:35 - Subject: sub_059, Accuracy: 69.444%
2025-08-07 10:47:35 - Subject: sub_060, Accuracy: 84.091%
2025-08-07 10:47:35 - Subject: sub_061, Accuracy: 87.234%
2025-08-07 10:47:35 - Subject: sub_062, Accuracy: 81.250%
2025-08-07 10:47:35 - Subject: sub_063, Accuracy: 83.333%
2025-08-07 10:47:35 - Subject: sub_064, Accuracy: 65.000%
2025-08-07 10:47:35 - Subject: sub_065, Accuracy: 88.000%
2025-08-07 10:47:35 - Subject: sub_066, Accuracy: 90.909%
2025-08-07 10:47:35 - Subject: sub_067, Accuracy: 85.714%
2025-08-07 10:47:35 - Subject: sub_068, Accuracy: 80.000%
2025-08-07 10:47:35 - Subject: sub_069, Accuracy: 74.359%
2025-08-07 10:47:35 - Subject: sub_070, Accuracy: 88.000%
2025-08-07 10:47:35 - Subject: sub_071, Accuracy: 84.615%
2025-08-07 10:47:35 - Subject: sub_073, Accuracy: 81.395%
2025-08-07 10:47:35 - Subject: sub_074, Accuracy: 85.294%
2025-08-07 10:47:35 - Subject: sub_075, Accuracy: 71.111%
2025-08-07 10:47:35 - Subject: sub_076, Accuracy: 58.696%
2025-08-07 10:47:35 - Subject: sub_077, Accuracy: 78.049%
2025-08-07 10:47:35 - Subject: sub_078, Accuracy: 77.273%
2025-08-07 10:47:35 - Subject: sub_079, Accuracy: 78.723%
2025-08-07 10:47:35 - Subject: sub_080, Accuracy: 86.364%
2025-08-07 10:47:35 - Subject: sub_081, Accuracy: 64.865%
2025-08-07 10:47:35 - Subject: sub_082, Accuracy: 83.721%
2025-08-07 10:47:35 - Subject: sub_083, Accuracy: 88.372%
2025-08-07 10:47:35 - Subject: sub_111, Accuracy: 82.222%
2025-08-07 10:47:35 - Subject: sub_112, Accuracy: 86.667%
2025-08-07 10:47:35 - Subject: sub_113, Accuracy: 82.759%
2025-08-07 10:47:35 - Subject: sub_114, Accuracy: 79.070%
2025-08-07 10:47:35 - Subject: sub_115, Accuracy: 84.091%
2025-08-07 10:47:35 - Subject: sub_116, Accuracy: 82.979%
2025-08-07 10:47:35 - Subject: sub_117, Accuracy: 77.778%
2025-08-07 10:47:35 - Subject: sub_118, Accuracy: 85.294%
2025-08-07 10:47:35 - Subject: sub_119, Accuracy: 97.297%
2025-08-07 10:47:35 - Subject: sub_120, Accuracy: 80.556%
2025-08-07 10:47:35 - Subject: sub_121, Accuracy: 74.545%
2025-08-07 10:47:35 - Subject: sub_122, Accuracy: 82.500%
2025-08-07 10:47:35 - Subject: sub_123, Accuracy: 75.556%
2025-08-07 10:47:35 - Subject: sub_124, Accuracy: 69.767%
2025-08-07 10:47:35 - Subject: sub_125, Accuracy: 89.286%
2025-08-07 10:47:35 - 
AVO Pooled Model Statistics:
2025-08-07 10:47:35 - Mean Accuracy: 0.796
2025-08-07 10:47:35 - 95% Confidence Interval: [0.782, 0.810]
2025-08-07 10:47:35 - Best Subject: sub_119 (0.973)
2025-08-07 10:47:35 - Worst Subject: sub_076 (0.587)
