2025-07-14 22:13:36 - 
Experiment Configuration:
2025-07-14 22:13:36 - --------------------------------------------------
2025-07-14 22:13:36 - dataset: ds005863
2025-07-14 22:13:36 - use_combined_datasets: False
2025-07-14 22:13:36 - electrode_list: all
2025-07-14 22:13:36 - classifier: lda
2025-07-14 22:13:36 - separate_subject_classification: True
2025-07-14 22:13:36 - seeds: [1, 2, 3, 4, 5, 6, 7, 8, 9, 10]
2025-07-14 22:13:36 - --------------------------------------------------
2025-07-14 22:13:36 - 
==================================================
2025-07-14 22:13:36 - Processing Active Visual Oddball Dataset
2025-07-14 22:13:36 - ==================================================
2025-07-14 22:13:46 - Subject: sub-001, Accuracy: 55.814%
2025-07-14 22:13:47 - Subject: sub-002, Accuracy: 74.419%
2025-07-14 22:13:48 - Subject: sub-003, Accuracy: 88.372%
2025-07-14 22:13:50 - Subject: sub-004, Accuracy: 65.116%
2025-07-14 22:13:51 - Subject: sub-005, Accuracy: 62.791%
2025-07-14 22:13:52 - Subject: sub-006, Accuracy: 74.419%
2025-07-14 22:13:54 - Subject: sub-007, Accuracy: 79.070%
2025-07-14 22:13:55 - Subject: sub-008, Accuracy: 79.070%
2025-07-14 22:13:57 - Subject: sub-009, Accuracy: 72.093%
2025-07-14 22:13:58 - Subject: sub-010, Accuracy: 76.744%
2025-07-14 22:14:00 - Subject: sub-011, Accuracy: 86.047%
2025-07-14 22:14:01 - Subject: sub-012, Accuracy: 88.372%
2025-07-14 22:14:02 - Subject: sub-013, Accuracy: 67.442%
2025-07-14 22:14:04 - Subject: sub-014, Accuracy: 74.419%
2025-07-14 22:14:05 - Subject: sub-015, Accuracy: 81.395%
2025-07-14 22:14:07 - Subject: sub-016, Accuracy: 69.767%
2025-07-14 22:14:08 - Subject: sub-017, Accuracy: 81.395%
2025-07-14 22:14:10 - Subject: sub-018, Accuracy: 83.721%
2025-07-14 22:14:11 - Subject: sub-019, Accuracy: 81.395%
2025-07-14 22:14:12 - Subject: sub-020, Accuracy: 65.116%
2025-07-14 22:14:13 - Subject: sub-021, Accuracy: 72.093%
2025-07-14 22:14:15 - Subject: sub-022, Accuracy: 67.442%
2025-07-14 22:14:16 - Subject: sub-023, Accuracy: 76.744%
2025-07-14 22:14:17 - Subject: sub-024, Accuracy: 74.419%
2025-07-14 22:14:18 - Subject: sub-025, Accuracy: 79.070%
2025-07-14 22:14:20 - Subject: sub-026, Accuracy: 79.070%
2025-07-14 22:14:21 - Subject: sub-027, Accuracy: 74.419%
2025-07-14 22:14:22 - Subject: sub-028, Accuracy: 72.093%
2025-07-14 22:14:23 - Subject: sub-029, Accuracy: 72.093%
2025-07-14 22:14:25 - Subject: sub-030, Accuracy: 76.744%
2025-07-14 22:14:26 - Subject: sub-031, Accuracy: 90.698%
2025-07-14 22:14:27 - Subject: sub-032, Accuracy: 76.744%
2025-07-14 22:14:28 - Subject: sub-033, Accuracy: 76.744%
2025-07-14 22:14:29 - Subject: sub-034, Accuracy: 69.767%
2025-07-14 22:14:31 - Subject: sub-035, Accuracy: 69.767%
2025-07-14 22:14:32 - Subject: sub-036, Accuracy: 72.093%
2025-07-14 22:14:33 - Subject: sub-037, Accuracy: 79.070%
2025-07-14 22:14:34 - Subject: sub-038, Accuracy: 69.767%
2025-07-14 22:14:35 - Subject: sub-039, Accuracy: 76.744%
2025-07-14 22:14:37 - Subject: sub-040, Accuracy: 81.395%
2025-07-14 22:14:38 - Subject: sub-041, Accuracy: 83.721%
2025-07-14 22:14:39 - Subject: sub-042, Accuracy: 81.395%
2025-07-14 22:14:40 - Subject: sub-043, Accuracy: 79.070%
2025-07-14 22:14:42 - Subject: sub-044, Accuracy: 86.047%
2025-07-14 22:14:43 - Subject: sub-045, Accuracy: 88.372%
2025-07-14 22:14:45 - Subject: sub-046, Accuracy: 74.419%
2025-07-14 22:14:46 - Subject: sub-047, Accuracy: 74.419%
2025-07-14 22:14:47 - Subject: sub-048, Accuracy: 62.791%
2025-07-14 22:14:49 - Subject: sub-049, Accuracy: 83.721%
2025-07-14 22:14:51 - Subject: sub-050, Accuracy: 72.093%
2025-07-14 22:14:52 - Subject: sub-051, Accuracy: 76.744%
2025-07-14 22:14:53 - Subject: sub-052, Accuracy: 69.767%
2025-07-14 22:14:55 - Subject: sub-053, Accuracy: 72.093%
2025-07-14 22:14:56 - Subject: sub-054, Accuracy: 75.610%
2025-07-14 22:14:57 - Subject: sub-056, Accuracy: 67.442%
2025-07-14 22:14:58 - Subject: sub-057, Accuracy: 65.116%
2025-07-14 22:14:59 - Subject: sub-058, Accuracy: 83.721%
2025-07-14 22:15:00 - Subject: sub-059, Accuracy: 81.395%
2025-07-14 22:15:02 - Subject: sub-060, Accuracy: 76.744%
2025-07-14 22:15:03 - Subject: sub-061, Accuracy: 62.791%
2025-07-14 22:15:04 - Subject: sub-062, Accuracy: 65.116%
2025-07-14 22:15:05 - Subject: sub-063, Accuracy: 81.395%
2025-07-14 22:15:07 - Subject: sub-064, Accuracy: 74.419%
2025-07-14 22:15:08 - Subject: sub-065, Accuracy: 81.395%
2025-07-14 22:15:09 - Subject: sub-066, Accuracy: 81.395%
2025-07-14 22:15:10 - Subject: sub-067, Accuracy: 86.047%
2025-07-14 22:15:11 - Subject: sub-068, Accuracy: 76.744%
2025-07-14 22:15:13 - Subject: sub-069, Accuracy: 67.442%
2025-07-14 22:15:14 - Subject: sub-070, Accuracy: 83.721%
2025-07-14 22:15:16 - Subject: sub-071, Accuracy: 72.093%
2025-07-14 22:15:17 - Subject: sub-073, Accuracy: 79.070%
2025-07-14 22:15:18 - Subject: sub-074, Accuracy: 83.721%
2025-07-14 22:15:19 - Subject: sub-075, Accuracy: 86.047%
2025-07-14 22:15:20 - Subject: sub-076, Accuracy: 62.791%
2025-07-14 22:15:22 - Subject: sub-077, Accuracy: 88.372%
2025-07-14 22:15:23 - Subject: sub-078, Accuracy: 79.070%
2025-07-14 22:15:25 - Subject: sub-079, Accuracy: 65.116%
2025-07-14 22:15:26 - Subject: sub-080, Accuracy: 72.093%
2025-07-14 22:15:27 - Subject: sub-081, Accuracy: 69.767%
2025-07-14 22:15:28 - Subject: sub-082, Accuracy: 83.721%
2025-07-14 22:15:29 - Subject: sub-083, Accuracy: 76.744%
2025-07-14 22:15:31 - Subject: sub-111, Accuracy: 90.698%
2025-07-14 22:15:32 - Subject: sub-112, Accuracy: 81.395%
2025-07-14 22:15:33 - Subject: sub-113, Accuracy: 90.244%
2025-07-14 22:15:34 - Subject: sub-114, Accuracy: 78.049%
2025-07-14 22:15:36 - Subject: sub-115, Accuracy: 78.049%
2025-07-14 22:15:37 - Subject: sub-116, Accuracy: 78.049%
2025-07-14 22:15:38 - Subject: sub-117, Accuracy: 87.805%
2025-07-14 22:15:39 - Subject: sub-118, Accuracy: 80.488%
2025-07-14 22:15:41 - Subject: sub-119, Accuracy: 80.488%
2025-07-14 22:15:43 - Subject: sub-120, Accuracy: 73.171%
2025-07-14 22:15:45 - Subject: sub-121, Accuracy: 78.049%
2025-07-14 22:15:46 - Subject: sub-122, Accuracy: 85.366%
2025-07-14 22:15:48 - Subject: sub-123, Accuracy: 73.171%
2025-07-14 22:15:49 - Subject: sub-124, Accuracy: 81.395%
2025-07-14 22:15:50 - Subject: sub-125, Accuracy: 83.721%
2025-07-14 22:15:50 - 
Active Visual Oddball Statistics:
2025-07-14 22:15:50 - Mean Accuracy: 0.767
2025-07-14 22:15:50 - 95% Confidence Interval: [0.753, 0.782]
2025-07-14 22:15:50 - Best Subject: sub-031 (0.907)
2025-07-14 22:15:50 - Worst Subject: sub-001 (0.558)
