2025-07-14 22:15:53 - 
Experiment Configuration:
2025-07-14 22:15:53 - --------------------------------------------------
2025-07-14 22:15:53 - dataset: ds005863
2025-07-14 22:15:53 - use_combined_datasets: False
2025-07-14 22:15:53 - electrode_list: all
2025-07-14 22:15:53 - classifier: lda
2025-07-14 22:15:53 - separate_subject_classification: False
2025-07-14 22:15:53 - seeds: [1, 2, 3, 4, 5, 6, 7, 8, 9, 10]
2025-07-14 22:15:53 - --------------------------------------------------
2025-07-14 22:15:53 - 
==================================================
2025-07-14 22:15:53 - Processing Active Visual Oddball Dataset
2025-07-14 22:15:53 - ==================================================
2025-07-14 22:18:56 - Subject: sub-001, Accuracy: 83.333%
2025-07-14 22:18:56 - Subject: sub-002, Accuracy: 79.545%
2025-07-14 22:18:56 - Subject: sub-003, Accuracy: 88.889%
2025-07-14 22:18:56 - Subject: sub-004, Accuracy: 72.727%
2025-07-14 22:18:56 - Subject: sub-005, Accuracy: 83.721%
2025-07-14 22:18:56 - Subject: sub-006, Accuracy: 83.784%
2025-07-14 22:18:56 - Subject: sub-007, Accuracy: 88.372%
2025-07-14 22:18:56 - Subject: sub-008, Accuracy: 97.368%
2025-07-14 22:18:56 - Subject: sub-009, Accuracy: 89.750%
2025-07-14 22:18:56 - Subject: sub-010, Accuracy: 72.917%
2025-07-14 22:18:56 - Subject: sub-011, Accuracy: 83.019%
2025-07-14 22:18:56 - Subject: sub-012, Accuracy: 83.333%
2025-07-14 22:18:56 - Subject: sub-013, Accuracy: 77.083%
2025-07-14 22:18:56 - Subject: sub-014, Accuracy: 76.923%
2025-07-14 22:18:56 - Subject: sub-015, Accuracy: 88.095%
2025-07-14 22:18:56 - Subject: sub-016, Accuracy: 68.627%
2025-07-14 22:18:56 - Subject: sub-017, Accuracy: 72.500%
2025-07-14 22:18:56 - Subject: sub-018, Accuracy: 79.545%
2025-07-14 22:18:56 - Subject: sub-019, Accuracy: 81.395%
2025-07-14 22:18:56 - Subject: sub-020, Accuracy: 90.909%
2025-07-14 22:18:56 - Subject: sub-021, Accuracy: 86.538%
2025-07-14 22:18:56 - Subject: sub-022, Accuracy: 70.968%
2025-07-14 22:18:56 - Subject: sub-023, Accuracy: 76.667%
2025-07-14 22:18:56 - Subject: sub-024, Accuracy: 84.444%
2025-07-14 22:18:56 - Subject: sub-025, Accuracy: 72.222%
2025-07-14 22:18:56 - Subject: sub-026, Accuracy: 75.610%
2025-07-14 22:18:56 - Subject: sub-027, Accuracy: 86.486%
2025-07-14 22:18:56 - Subject: sub-028, Accuracy: 82.000%
2025-07-14 22:18:56 - Subject: sub-029, Accuracy: 78.636%
2025-07-14 22:18:56 - Subject: sub-030, Accuracy: 76.087%
2025-07-14 22:18:56 - Subject: sub-031, Accuracy: 74.286%
2025-07-14 22:18:56 - Subject: sub-032, Accuracy: 73.333%
2025-07-14 22:18:56 - Subject: sub-033, Accuracy: 87.879%
2025-07-14 22:18:56 - Subject: sub-034, Accuracy: 74.286%
2025-07-14 22:18:56 - Subject: sub-035, Accuracy: 67.500%
2025-07-14 22:18:56 - Subject: sub-036, Accuracy: 82.692%
2025-07-14 22:18:56 - Subject: sub-037, Accuracy: 80.652%
2025-07-14 22:18:56 - Subject: sub-038, Accuracy: 87.500%
2025-07-14 22:18:56 - Subject: sub-039, Accuracy: 82.500%
2025-07-14 22:18:56 - Subject: sub-040, Accuracy: 90.213%
2025-07-14 22:18:56 - Subject: sub-041, Accuracy: 80.392%
2025-07-14 22:18:56 - Subject: sub-042, Accuracy: 84.211%
2025-07-14 22:18:56 - Subject: sub-043, Accuracy: 86.364%
2025-07-14 22:18:56 - Subject: sub-044, Accuracy: 81.579%
2025-07-14 22:18:56 - Subject: sub-045, Accuracy: 89.130%
2025-07-14 22:18:56 - Subject: sub-046, Accuracy: 79.592%
2025-07-14 22:18:56 - Subject: sub-047, Accuracy: 85.417%
2025-07-14 22:18:56 - Subject: sub-048, Accuracy: 84.211%
2025-07-14 22:18:56 - Subject: sub-049, Accuracy: 74.872%
2025-07-14 22:18:56 - Subject: sub-050, Accuracy: 76.471%
2025-07-14 22:18:56 - Subject: sub-051, Accuracy: 77.273%
2025-07-14 22:18:56 - Subject: sub-052, Accuracy: 73.333%
2025-07-14 22:18:56 - Subject: sub-053, Accuracy: 88.000%
2025-07-14 22:18:56 - Subject: sub-054, Accuracy: 83.333%
2025-07-14 22:18:56 - Subject: sub-056, Accuracy: 79.545%
2025-07-14 22:18:56 - Subject: sub-057, Accuracy: 65.909%
2025-07-14 22:18:56 - Subject: sub-058, Accuracy: 82.889%
2025-07-14 22:18:56 - Subject: sub-059, Accuracy: 80.233%
2025-07-14 22:18:56 - Subject: sub-060, Accuracy: 78.378%
2025-07-14 22:18:56 - Subject: sub-061, Accuracy: 71.795%
2025-07-14 22:18:56 - Subject: sub-062, Accuracy: 64.706%
2025-07-14 22:18:56 - Subject: sub-063, Accuracy: 73.333%
2025-07-14 22:18:56 - Subject: sub-064, Accuracy: 85.714%
2025-07-14 22:18:56 - Subject: sub-065, Accuracy: 86.000%
2025-07-14 22:18:56 - Subject: sub-066, Accuracy: 80.000%
2025-07-14 22:18:56 - Subject: sub-067, Accuracy: 91.837%
2025-07-14 22:18:56 - Subject: sub-068, Accuracy: 76.316%
2025-07-14 22:18:56 - Subject: sub-069, Accuracy: 67.500%
2025-07-14 22:18:56 - Subject: sub-070, Accuracy: 71.739%
2025-07-14 22:18:56 - Subject: sub-071, Accuracy: 78.723%
2025-07-14 22:18:56 - Subject: sub-073, Accuracy: 61.591%
2025-07-14 22:18:56 - Subject: sub-074, Accuracy: 82.286%
2025-07-14 22:18:56 - Subject: sub-075, Accuracy: 85.106%
2025-07-14 22:18:56 - Subject: sub-076, Accuracy: 70.455%
2025-07-14 22:18:56 - Subject: sub-077, Accuracy: 92.000%
2025-07-14 22:18:56 - Subject: sub-078, Accuracy: 82.979%
2025-07-14 22:18:56 - Subject: sub-079, Accuracy: 73.171%
2025-07-14 22:18:56 - Subject: sub-080, Accuracy: 87.500%
2025-07-14 22:18:56 - Subject: sub-081, Accuracy: 82.143%
2025-07-14 22:18:56 - Subject: sub-082, Accuracy: 94.118%
2025-07-14 22:18:56 - Subject: sub-083, Accuracy: 83.714%
2025-07-14 22:18:56 - Subject: sub-111, Accuracy: 84.167%
2025-07-14 22:18:56 - Subject: sub-112, Accuracy: 87.297%
2025-07-14 22:18:56 - Subject: sub-113, Accuracy: 75.000%
2025-07-14 22:18:56 - Subject: sub-114, Accuracy: 62.222%
2025-07-14 22:18:56 - Subject: sub-115, Accuracy: 86.842%
2025-07-14 22:18:56 - Subject: sub-116, Accuracy: 84.783%
2025-07-14 22:18:56 - Subject: sub-117, Accuracy: 86.842%
2025-07-14 22:18:56 - Subject: sub-118, Accuracy: 77.143%
2025-07-14 22:18:56 - Subject: sub-119, Accuracy: 82.500%
2025-07-14 22:18:56 - Subject: sub-120, Accuracy: 87.879%
2025-07-14 22:18:56 - Subject: sub-121, Accuracy: 75.806%
2025-07-14 22:18:56 - Subject: sub-122, Accuracy: 72.727%
2025-07-14 22:18:56 - Subject: sub-123, Accuracy: 73.529%
2025-07-14 22:18:56 - Subject: sub-124, Accuracy: 83.333%
2025-07-14 22:18:56 - Subject: sub-125, Accuracy: 85.106%
2025-07-14 22:18:56 - 
AVO Pooled Model (All Subjects) Statistics:
2025-07-14 22:18:56 - Mean Accuracy: 0.803
2025-07-14 22:18:56 - 95% Confidence Interval: [0.789, 0.818]
2025-07-14 22:18:56 - Best Subject: sub-008 (0.974)
2025-07-14 22:18:56 - Worst Subject: sub-073 (0.616)
