2025-08-07 17:46:43 - 
Experiment Configuration:
2025-08-07 17:46:43 - --------------------------------------------------
2025-08-07 17:46:43 - dataset: ds005863
2025-08-07 17:46:43 - use_combined_datasets: False
2025-08-07 17:46:43 - electrode_list: common
2025-08-07 17:46:43 - classifier: ShallowFBCSPNet
2025-08-07 17:46:43 - separate_subject_classification: False
2025-08-07 17:46:43 - use_subject_layer: False
2025-08-07 17:46:43 - seeds: [1]
2025-08-07 17:46:43 - --------------------------------------------------
2025-08-07 17:46:43 - 
==================================================
2025-08-07 17:46:43 - Processing Active Visual Oddball Dataset
2025-08-07 17:46:43 - ==================================================
2025-08-07 17:58:48 - Subject: sub_001, Accuracy: 83.673%
2025-08-07 17:58:48 - Subject: sub_002, Accuracy: 85.000%
2025-08-07 17:58:48 - Subject: sub_003, Accuracy: 73.171%
2025-08-07 17:58:48 - Subject: sub_004, Accuracy: 73.810%
2025-08-07 17:58:48 - Subject: sub_005, Accuracy: 86.364%
2025-08-07 17:58:48 - Subject: sub_006, Accuracy: 80.645%
2025-08-07 17:58:48 - Subject: sub_007, Accuracy: 88.889%
2025-08-07 17:58:48 - Subject: sub_008, Accuracy: 78.125%
2025-08-07 17:58:48 - Subject: sub_009, Accuracy: 85.714%
2025-08-07 17:58:48 - Subject: sub_010, Accuracy: 74.419%
2025-08-07 17:58:48 - Subject: sub_011, Accuracy: 80.000%
2025-08-07 17:58:48 - Subject: sub_012, Accuracy: 83.333%
2025-08-07 17:58:48 - Subject: sub_013, Accuracy: 76.744%
2025-08-07 17:58:48 - Subject: sub_014, Accuracy: 83.333%
2025-08-07 17:58:48 - Subject: sub_015, Accuracy: 81.579%
2025-08-07 17:58:48 - Subject: sub_016, Accuracy: 79.545%
2025-08-07 17:58:48 - Subject: sub_017, Accuracy: 81.250%
2025-08-07 17:58:48 - Subject: sub_018, Accuracy: 80.000%
2025-08-07 17:58:48 - Subject: sub_019, Accuracy: 70.000%
2025-08-07 17:58:48 - Subject: sub_020, Accuracy: 72.727%
2025-08-07 17:58:48 - Subject: sub_021, Accuracy: 82.500%
2025-08-07 17:58:48 - Subject: sub_022, Accuracy: 85.366%
2025-08-07 17:58:48 - Subject: sub_023, Accuracy: 81.250%
2025-08-07 17:58:48 - Subject: sub_024, Accuracy: 81.250%
2025-08-07 17:58:48 - Subject: sub_025, Accuracy: 90.909%
2025-08-07 17:58:48 - Subject: sub_026, Accuracy: 74.359%
2025-08-07 17:58:48 - Subject: sub_027, Accuracy: 83.333%
2025-08-07 17:58:48 - Subject: sub_028, Accuracy: 90.385%
2025-08-07 17:58:48 - Subject: sub_029, Accuracy: 83.673%
2025-08-07 17:58:48 - Subject: sub_030, Accuracy: 86.047%
2025-08-07 17:58:48 - Subject: sub_031, Accuracy: 82.500%
2025-08-07 17:58:48 - Subject: sub_032, Accuracy: 83.333%
2025-08-07 17:58:48 - Subject: sub_033, Accuracy: 80.952%
2025-08-07 17:58:48 - Subject: sub_034, Accuracy: 83.721%
2025-08-07 17:58:48 - Subject: sub_035, Accuracy: 87.805%
2025-08-07 17:58:48 - Subject: sub_036, Accuracy: 86.364%
2025-08-07 17:58:48 - Subject: sub_037, Accuracy: 82.222%
2025-08-07 17:58:48 - Subject: sub_038, Accuracy: 81.579%
2025-08-07 17:58:48 - Subject: sub_039, Accuracy: 86.957%
2025-08-07 17:58:48 - Subject: sub_040, Accuracy: 80.000%
2025-08-07 17:58:48 - Subject: sub_041, Accuracy: 77.083%
2025-08-07 17:58:48 - Subject: sub_042, Accuracy: 82.979%
2025-08-07 17:58:48 - Subject: sub_043, Accuracy: 84.615%
2025-08-07 17:58:48 - Subject: sub_044, Accuracy: 82.979%
2025-08-07 17:58:48 - Subject: sub_045, Accuracy: 75.000%
2025-08-07 17:58:48 - Subject: sub_046, Accuracy: 78.947%
2025-08-07 17:58:48 - Subject: sub_047, Accuracy: 82.051%
2025-08-07 17:58:48 - Subject: sub_048, Accuracy: 73.171%
2025-08-07 17:58:48 - Subject: sub_049, Accuracy: 69.048%
2025-08-07 17:58:48 - Subject: sub_050, Accuracy: 78.571%
2025-08-07 17:58:48 - Subject: sub_051, Accuracy: 75.610%
2025-08-07 17:58:48 - Subject: sub_052, Accuracy: 77.551%
2025-08-07 17:58:48 - Subject: sub_053, Accuracy: 74.359%
2025-08-07 17:58:48 - Subject: sub_054, Accuracy: 70.588%
2025-08-07 17:58:48 - Subject: sub_056, Accuracy: 84.375%
2025-08-07 17:58:48 - Subject: sub_057, Accuracy: 90.698%
2025-08-07 17:58:48 - Subject: sub_058, Accuracy: 77.778%
2025-08-07 17:58:48 - Subject: sub_059, Accuracy: 79.592%
2025-08-07 17:58:48 - Subject: sub_060, Accuracy: 64.286%
2025-08-07 17:58:48 - Subject: sub_061, Accuracy: 77.273%
2025-08-07 17:58:48 - Subject: sub_062, Accuracy: 83.784%
2025-08-07 17:58:48 - Subject: sub_063, Accuracy: 80.645%
2025-08-07 17:58:48 - Subject: sub_064, Accuracy: 75.610%
2025-08-07 17:58:48 - Subject: sub_065, Accuracy: 74.419%
2025-08-07 17:58:48 - Subject: sub_066, Accuracy: 77.778%
2025-08-07 17:58:48 - Subject: sub_067, Accuracy: 84.091%
2025-08-07 17:58:48 - Subject: sub_068, Accuracy: 78.261%
2025-08-07 17:58:48 - Subject: sub_069, Accuracy: 74.419%
2025-08-07 17:58:48 - Subject: sub_070, Accuracy: 68.889%
2025-08-07 17:58:48 - Subject: sub_071, Accuracy: 77.273%
2025-08-07 17:58:48 - Subject: sub_073, Accuracy: 76.316%
2025-08-07 17:58:48 - Subject: sub_074, Accuracy: 82.051%
2025-08-07 17:58:48 - Subject: sub_075, Accuracy: 70.732%
2025-08-07 17:58:48 - Subject: sub_076, Accuracy: 82.609%
2025-08-07 17:58:48 - Subject: sub_077, Accuracy: 86.842%
2025-08-07 17:58:48 - Subject: sub_078, Accuracy: 78.723%
2025-08-07 17:58:48 - Subject: sub_079, Accuracy: 70.270%
2025-08-07 17:58:48 - Subject: sub_080, Accuracy: 90.909%
2025-08-07 17:58:48 - Subject: sub_081, Accuracy: 80.392%
2025-08-07 17:58:48 - Subject: sub_082, Accuracy: 78.947%
2025-08-07 17:58:48 - Subject: sub_083, Accuracy: 79.592%
2025-08-07 17:58:48 - Subject: sub_111, Accuracy: 77.778%
2025-08-07 17:58:48 - Subject: sub_112, Accuracy: 77.143%
2025-08-07 17:58:48 - Subject: sub_113, Accuracy: 84.211%
2025-08-07 17:58:48 - Subject: sub_114, Accuracy: 69.767%
2025-08-07 17:58:48 - Subject: sub_115, Accuracy: 91.111%
2025-08-07 17:58:48 - Subject: sub_116, Accuracy: 79.412%
2025-08-07 17:58:48 - Subject: sub_117, Accuracy: 85.417%
2025-08-07 17:58:48 - Subject: sub_118, Accuracy: 71.795%
2025-08-07 17:58:48 - Subject: sub_119, Accuracy: 79.630%
2025-08-07 17:58:48 - Subject: sub_120, Accuracy: 78.947%
2025-08-07 17:58:48 - Subject: sub_121, Accuracy: 79.487%
2025-08-07 17:58:48 - Subject: sub_122, Accuracy: 79.630%
2025-08-07 17:58:48 - Subject: sub_123, Accuracy: 83.871%
2025-08-07 17:58:48 - Subject: sub_124, Accuracy: 82.500%
2025-08-07 17:58:48 - Subject: sub_125, Accuracy: 83.333%
2025-08-07 17:58:48 - 
AVO Pooled Model Statistics:
2025-08-07 17:58:48 - Mean Accuracy: 0.801
2025-08-07 17:58:48 - 95% Confidence Interval: [0.790, 0.812]
2025-08-07 17:58:48 - Best Subject: sub_115 (0.911)
2025-08-07 17:58:48 - Worst Subject: sub_060 (0.643)
