2025-08-07 19:58:19 - 
Experiment Configuration:
2025-08-07 19:58:19 - --------------------------------------------------
2025-08-07 19:58:19 - dataset: ds005863
2025-08-07 19:58:19 - use_combined_datasets: False
2025-08-07 19:58:19 - electrode_list: common
2025-08-07 19:58:19 - classifier: ShallowFBCSPNet
2025-08-07 19:58:19 - separate_subject_classification: False
2025-08-07 19:58:19 - use_subject_layer: True
2025-08-07 19:58:19 - seeds: [1]
2025-08-07 19:58:19 - --------------------------------------------------
2025-08-07 19:58:19 - 
==================================================
2025-08-07 19:58:19 - Processing Active Visual Oddball Dataset
2025-08-07 19:58:19 - ==================================================
2025-08-07 20:27:24 - Subject: sub_001, Accuracy: 88.462%
2025-08-07 20:27:24 - Subject: sub_002, Accuracy: 76.316%
2025-08-07 20:27:24 - Subject: sub_003, Accuracy: 79.545%
2025-08-07 20:27:24 - Subject: sub_004, Accuracy: 80.851%
2025-08-07 20:27:24 - Subject: sub_005, Accuracy: 85.714%
2025-08-07 20:27:24 - Subject: sub_006, Accuracy: 80.851%
2025-08-07 20:27:24 - Subject: sub_007, Accuracy: 79.545%
2025-08-07 20:27:24 - Subject: sub_008, Accuracy: 77.273%
2025-08-07 20:27:24 - Subject: sub_009, Accuracy: 75.758%
2025-08-07 20:27:24 - Subject: sub_010, Accuracy: 79.070%
2025-08-07 20:27:24 - Subject: sub_011, Accuracy: 87.234%
2025-08-07 20:27:24 - Subject: sub_012, Accuracy: 81.818%
2025-08-07 20:27:24 - Subject: sub_013, Accuracy: 70.000%
2025-08-07 20:27:24 - Subject: sub_014, Accuracy: 79.167%
2025-08-07 20:27:24 - Subject: sub_015, Accuracy: 82.353%
2025-08-07 20:27:24 - Subject: sub_016, Accuracy: 76.744%
2025-08-07 20:27:24 - Subject: sub_017, Accuracy: 70.000%
2025-08-07 20:27:24 - Subject: sub_018, Accuracy: 85.366%
2025-08-07 20:27:24 - Subject: sub_019, Accuracy: 79.592%
2025-08-07 20:27:24 - Subject: sub_020, Accuracy: 80.000%
2025-08-07 20:27:24 - Subject: sub_021, Accuracy: 88.889%
2025-08-07 20:27:24 - Subject: sub_022, Accuracy: 76.316%
2025-08-07 20:27:24 - Subject: sub_023, Accuracy: 81.633%
2025-08-07 20:27:24 - Subject: sub_024, Accuracy: 73.529%
2025-08-07 20:27:24 - Subject: sub_025, Accuracy: 78.723%
2025-08-07 20:27:24 - Subject: sub_026, Accuracy: 80.488%
2025-08-07 20:27:24 - Subject: sub_027, Accuracy: 86.957%
2025-08-07 20:27:24 - Subject: sub_028, Accuracy: 81.579%
2025-08-07 20:27:24 - Subject: sub_029, Accuracy: 71.053%
2025-08-07 20:27:24 - Subject: sub_030, Accuracy: 92.308%
2025-08-07 20:27:24 - Subject: sub_031, Accuracy: 86.364%
2025-08-07 20:27:24 - Subject: sub_032, Accuracy: 92.000%
2025-08-07 20:27:24 - Subject: sub_033, Accuracy: 85.714%
2025-08-07 20:27:24 - Subject: sub_034, Accuracy: 70.270%
2025-08-07 20:27:24 - Subject: sub_035, Accuracy: 78.788%
2025-08-07 20:27:24 - Subject: sub_036, Accuracy: 77.778%
2025-08-07 20:27:24 - Subject: sub_037, Accuracy: 73.913%
2025-08-07 20:27:24 - Subject: sub_038, Accuracy: 71.111%
2025-08-07 20:27:24 - Subject: sub_039, Accuracy: 75.510%
2025-08-07 20:27:24 - Subject: sub_040, Accuracy: 82.857%
2025-08-07 20:27:24 - Subject: sub_041, Accuracy: 82.222%
2025-08-07 20:27:24 - Subject: sub_042, Accuracy: 84.211%
2025-08-07 20:27:24 - Subject: sub_043, Accuracy: 76.190%
2025-08-07 20:27:24 - Subject: sub_044, Accuracy: 92.308%
2025-08-07 20:27:24 - Subject: sub_045, Accuracy: 86.000%
2025-08-07 20:27:24 - Subject: sub_046, Accuracy: 68.889%
2025-08-07 20:27:24 - Subject: sub_047, Accuracy: 71.429%
2025-08-07 20:27:24 - Subject: sub_048, Accuracy: 78.431%
2025-08-07 20:27:24 - Subject: sub_049, Accuracy: 89.655%
2025-08-07 20:27:24 - Subject: sub_050, Accuracy: 69.565%
2025-08-07 20:27:24 - Subject: sub_051, Accuracy: 85.366%
2025-08-07 20:27:24 - Subject: sub_052, Accuracy: 75.000%
2025-08-07 20:27:24 - Subject: sub_053, Accuracy: 75.000%
2025-08-07 20:27:24 - Subject: sub_054, Accuracy: 84.211%
2025-08-07 20:27:24 - Subject: sub_056, Accuracy: 68.293%
2025-08-07 20:27:24 - Subject: sub_057, Accuracy: 73.684%
2025-08-07 20:27:24 - Subject: sub_058, Accuracy: 94.286%
2025-08-07 20:27:24 - Subject: sub_059, Accuracy: 71.875%
2025-08-07 20:27:24 - Subject: sub_060, Accuracy: 76.471%
2025-08-07 20:27:24 - Subject: sub_061, Accuracy: 61.224%
2025-08-07 20:27:24 - Subject: sub_062, Accuracy: 83.721%
2025-08-07 20:27:24 - Subject: sub_063, Accuracy: 89.583%
2025-08-07 20:27:24 - Subject: sub_064, Accuracy: 83.784%
2025-08-07 20:27:24 - Subject: sub_065, Accuracy: 83.721%
2025-08-07 20:27:24 - Subject: sub_066, Accuracy: 77.778%
2025-08-07 20:27:24 - Subject: sub_067, Accuracy: 81.818%
2025-08-07 20:27:24 - Subject: sub_068, Accuracy: 73.684%
2025-08-07 20:27:24 - Subject: sub_069, Accuracy: 80.851%
2025-08-07 20:27:24 - Subject: sub_070, Accuracy: 73.913%
2025-08-07 20:27:24 - Subject: sub_071, Accuracy: 74.468%
2025-08-07 20:27:24 - Subject: sub_073, Accuracy: 67.500%
2025-08-07 20:27:24 - Subject: sub_074, Accuracy: 85.417%
2025-08-07 20:27:24 - Subject: sub_075, Accuracy: 86.486%
2025-08-07 20:27:24 - Subject: sub_076, Accuracy: 76.923%
2025-08-07 20:27:24 - Subject: sub_077, Accuracy: 72.222%
2025-08-07 20:27:24 - Subject: sub_078, Accuracy: 82.692%
2025-08-07 20:27:24 - Subject: sub_079, Accuracy: 70.270%
2025-08-07 20:27:24 - Subject: sub_080, Accuracy: 80.000%
2025-08-07 20:27:24 - Subject: sub_081, Accuracy: 71.875%
2025-08-07 20:27:24 - Subject: sub_082, Accuracy: 89.130%
2025-08-07 20:27:24 - Subject: sub_083, Accuracy: 78.431%
2025-08-07 20:27:24 - Subject: sub_111, Accuracy: 82.500%
2025-08-07 20:27:24 - Subject: sub_112, Accuracy: 84.211%
2025-08-07 20:27:24 - Subject: sub_113, Accuracy: 78.571%
2025-08-07 20:27:24 - Subject: sub_114, Accuracy: 80.556%
2025-08-07 20:27:24 - Subject: sub_115, Accuracy: 89.474%
2025-08-07 20:27:24 - Subject: sub_116, Accuracy: 88.636%
2025-08-07 20:27:24 - Subject: sub_117, Accuracy: 81.579%
2025-08-07 20:27:24 - Subject: sub_118, Accuracy: 87.179%
2025-08-07 20:27:24 - Subject: sub_119, Accuracy: 79.487%
2025-08-07 20:27:24 - Subject: sub_120, Accuracy: 69.231%
2025-08-07 20:27:24 - Subject: sub_121, Accuracy: 80.000%
2025-08-07 20:27:24 - Subject: sub_122, Accuracy: 78.723%
2025-08-07 20:27:24 - Subject: sub_123, Accuracy: 72.973%
2025-08-07 20:27:24 - Subject: sub_124, Accuracy: 79.070%
2025-08-07 20:27:24 - Subject: sub_125, Accuracy: 85.366%
2025-08-07 20:27:24 - 
AVO Pooled Model Statistics:
2025-08-07 20:27:24 - Mean Accuracy: 0.797
2025-08-07 20:27:24 - 95% Confidence Interval: [0.783, 0.810]
2025-08-07 20:27:24 - Best Subject: sub_058 (0.943)
2025-08-07 20:27:24 - Worst Subject: sub_061 (0.612)
