2025-07-14 21:54:21 - 
Experiment Configuration:
2025-07-14 21:54:21 - --------------------------------------------------
2025-07-14 21:54:21 - dataset: ds005863
2025-07-14 21:54:21 - use_combined_datasets: False
2025-07-14 21:54:21 - electrode_list: common
2025-07-14 21:54:21 - classifier: lda
2025-07-14 21:54:21 - separate_subject_classification: False
2025-07-14 21:54:21 - seeds: [1, 2, 3, 4, 5, 6, 7, 8, 9, 10]
2025-07-14 21:54:21 - --------------------------------------------------
2025-07-14 21:54:21 - 
==================================================
2025-07-14 21:54:21 - Processing Active Visual Oddball Dataset
2025-07-14 21:54:21 - ==================================================
2025-07-14 21:56:03 - Subject: sub-001, Accuracy: 77.778%
2025-07-14 21:56:03 - Subject: sub-002, Accuracy: 81.818%
2025-07-14 21:56:03 - Subject: sub-003, Accuracy: 91.111%
2025-07-14 21:56:03 - Subject: sub-004, Accuracy: 72.727%
2025-07-14 21:56:03 - Subject: sub-005, Accuracy: 79.070%
2025-07-14 21:56:03 - Subject: sub-006, Accuracy: 83.784%
2025-07-14 21:56:03 - Subject: sub-007, Accuracy: 86.047%
2025-07-14 21:56:03 - Subject: sub-008, Accuracy: 100.000%
2025-07-14 21:56:03 - Subject: sub-009, Accuracy: 85.000%
2025-07-14 21:56:03 - Subject: sub-010, Accuracy: 75.000%
2025-07-14 21:56:03 - Subject: sub-011, Accuracy: 79.245%
2025-07-14 21:56:03 - Subject: sub-012, Accuracy: 85.714%
2025-07-14 21:56:03 - Subject: sub-013, Accuracy: 79.167%
2025-07-14 21:56:03 - Subject: sub-014, Accuracy: 82.692%
2025-07-14 21:56:03 - Subject: sub-015, Accuracy: 85.714%
2025-07-14 21:56:03 - Subject: sub-016, Accuracy: 68.627%
2025-07-14 21:56:03 - Subject: sub-017, Accuracy: 72.500%
2025-07-14 21:56:03 - Subject: sub-018, Accuracy: 79.545%
2025-07-14 21:56:03 - Subject: sub-019, Accuracy: 81.628%
2025-07-14 21:56:03 - Subject: sub-020, Accuracy: 90.909%
2025-07-14 21:56:03 - Subject: sub-021, Accuracy: 88.462%
2025-07-14 21:56:03 - Subject: sub-022, Accuracy: 74.194%
2025-07-14 21:56:03 - Subject: sub-023, Accuracy: 80.000%
2025-07-14 21:56:03 - Subject: sub-024, Accuracy: 86.222%
2025-07-14 21:56:03 - Subject: sub-025, Accuracy: 72.222%
2025-07-14 21:56:03 - Subject: sub-026, Accuracy: 82.927%
2025-07-14 21:56:03 - Subject: sub-027, Accuracy: 89.189%
2025-07-14 21:56:03 - Subject: sub-028, Accuracy: 82.222%
2025-07-14 21:56:03 - Subject: sub-029, Accuracy: 88.333%
2025-07-14 21:56:03 - Subject: sub-030, Accuracy: 76.087%
2025-07-14 21:56:03 - Subject: sub-031, Accuracy: 88.571%
2025-07-14 21:56:03 - Subject: sub-032, Accuracy: 80.000%
2025-07-14 21:56:03 - Subject: sub-033, Accuracy: 87.879%
2025-07-14 21:56:03 - Subject: sub-034, Accuracy: 71.429%
2025-07-14 21:56:03 - Subject: sub-035, Accuracy: 67.500%
2025-07-14 21:56:03 - Subject: sub-036, Accuracy: 82.692%
2025-07-14 21:56:03 - Subject: sub-037, Accuracy: 78.261%
2025-07-14 21:56:03 - Subject: sub-038, Accuracy: 85.000%
2025-07-14 21:56:03 - Subject: sub-039, Accuracy: 82.500%
2025-07-14 21:56:03 - Subject: sub-040, Accuracy: 95.745%
2025-07-14 21:56:03 - Subject: sub-041, Accuracy: 82.353%
2025-07-14 21:56:03 - Subject: sub-042, Accuracy: 81.579%
2025-07-14 21:56:03 - Subject: sub-043, Accuracy: 84.091%
2025-07-14 21:56:03 - Subject: sub-044, Accuracy: 81.579%
2025-07-14 21:56:03 - Subject: sub-045, Accuracy: 84.783%
2025-07-14 21:56:03 - Subject: sub-046, Accuracy: 79.592%
2025-07-14 21:56:03 - Subject: sub-047, Accuracy: 85.417%
2025-07-14 21:56:03 - Subject: sub-048, Accuracy: 86.842%
2025-07-14 21:56:03 - Subject: sub-049, Accuracy: 76.923%
2025-07-14 21:56:03 - Subject: sub-050, Accuracy: 76.471%
2025-07-14 21:56:03 - Subject: sub-051, Accuracy: 88.636%
2025-07-14 21:56:03 - Subject: sub-052, Accuracy: 72.222%
2025-07-14 21:56:03 - Subject: sub-053, Accuracy: 87.400%
2025-07-14 21:56:03 - Subject: sub-054, Accuracy: 86.111%
2025-07-14 21:56:03 - Subject: sub-056, Accuracy: 76.818%
2025-07-14 21:56:03 - Subject: sub-057, Accuracy: 65.909%
2025-07-14 21:56:03 - Subject: sub-058, Accuracy: 82.222%
2025-07-14 21:56:03 - Subject: sub-059, Accuracy: 74.419%
2025-07-14 21:56:03 - Subject: sub-060, Accuracy: 83.784%
2025-07-14 21:56:03 - Subject: sub-061, Accuracy: 71.795%
2025-07-14 21:56:03 - Subject: sub-062, Accuracy: 67.647%
2025-07-14 21:56:03 - Subject: sub-063, Accuracy: 75.556%
2025-07-14 21:56:03 - Subject: sub-064, Accuracy: 85.714%
2025-07-14 21:56:03 - Subject: sub-065, Accuracy: 88.000%
2025-07-14 21:56:03 - Subject: sub-066, Accuracy: 73.333%
2025-07-14 21:56:03 - Subject: sub-067, Accuracy: 87.755%
2025-07-14 21:56:03 - Subject: sub-068, Accuracy: 78.947%
2025-07-14 21:56:03 - Subject: sub-069, Accuracy: 75.000%
2025-07-14 21:56:03 - Subject: sub-070, Accuracy: 78.261%
2025-07-14 21:56:03 - Subject: sub-071, Accuracy: 80.851%
2025-07-14 21:56:03 - Subject: sub-073, Accuracy: 65.682%
2025-07-14 21:56:03 - Subject: sub-074, Accuracy: 86.000%
2025-07-14 21:56:03 - Subject: sub-075, Accuracy: 80.851%
2025-07-14 21:56:03 - Subject: sub-076, Accuracy: 63.636%
2025-07-14 21:56:03 - Subject: sub-077, Accuracy: 88.000%
2025-07-14 21:56:03 - Subject: sub-078, Accuracy: 85.106%
2025-07-14 21:56:03 - Subject: sub-079, Accuracy: 73.171%
2025-07-14 21:56:03 - Subject: sub-080, Accuracy: 92.500%
2025-07-14 21:56:03 - Subject: sub-081, Accuracy: 82.143%
2025-07-14 21:56:03 - Subject: sub-082, Accuracy: 91.176%
2025-07-14 21:56:03 - Subject: sub-083, Accuracy: 82.857%
2025-07-14 21:56:03 - Subject: sub-111, Accuracy: 85.833%
2025-07-14 21:56:03 - Subject: sub-112, Accuracy: 89.189%
2025-07-14 21:56:03 - Subject: sub-113, Accuracy: 78.125%
2025-07-14 21:56:03 - Subject: sub-114, Accuracy: 66.667%
2025-07-14 21:56:03 - Subject: sub-115, Accuracy: 86.842%
2025-07-14 21:56:03 - Subject: sub-116, Accuracy: 84.783%
2025-07-14 21:56:03 - Subject: sub-117, Accuracy: 86.842%
2025-07-14 21:56:03 - Subject: sub-118, Accuracy: 74.286%
2025-07-14 21:56:03 - Subject: sub-119, Accuracy: 77.500%
2025-07-14 21:56:03 - Subject: sub-120, Accuracy: 87.273%
2025-07-14 21:56:03 - Subject: sub-121, Accuracy: 78.065%
2025-07-14 21:56:03 - Subject: sub-122, Accuracy: 84.091%
2025-07-14 21:56:03 - Subject: sub-123, Accuracy: 73.529%
2025-07-14 21:56:03 - Subject: sub-124, Accuracy: 83.333%
2025-07-14 21:56:03 - Subject: sub-125, Accuracy: 87.234%
2025-07-14 21:56:03 - 
AVO Pooled Model (All Subjects) Statistics:
2025-07-14 21:56:03 - Mean Accuracy: 0.812
2025-07-14 21:56:03 - 95% Confidence Interval: [0.798, 0.826]
2025-07-14 21:56:03 - Best Subject: sub-008 (1.000)
2025-07-14 21:56:03 - Worst Subject: sub-076 (0.636)
