2025-07-14 21:56:05 - 
Experiment Configuration:
2025-07-14 21:56:05 - --------------------------------------------------
2025-07-14 21:56:05 - dataset: ds005863
2025-07-14 21:56:05 - use_combined_datasets: False
2025-07-14 21:56:05 - electrode_list: common
2025-07-14 21:56:05 - classifier: ShallowFBCSPNet
2025-07-14 21:56:05 - separate_subject_classification: True
2025-07-14 21:56:05 - seeds: [1, 2, 3, 4, 5, 6, 7, 8, 9, 10]
2025-07-14 21:56:05 - --------------------------------------------------
2025-07-14 21:56:05 - 
==================================================
2025-07-14 21:56:05 - Processing Active Visual Oddball Dataset
2025-07-14 21:56:05 - ==================================================
2025-07-14 21:56:23 - Subject: sub-001, Accuracy: 70.000%
2025-07-14 21:56:30 - Subject: sub-002, Accuracy: 69.302%
2025-07-14 21:56:39 - Subject: sub-003, Accuracy: 72.558%
2025-07-14 21:56:45 - Subject: sub-004, Accuracy: 76.744%
2025-07-14 21:56:54 - Subject: sub-005, Accuracy: 69.302%
2025-07-14 21:57:03 - Subject: sub-006, Accuracy: 56.512%
2025-07-14 21:57:10 - Subject: sub-007, Accuracy: 63.488%
2025-07-14 21:57:17 - Subject: sub-008, Accuracy: 63.488%
2025-07-14 21:57:25 - Subject: sub-009, Accuracy: 61.860%
2025-07-14 21:57:31 - Subject: sub-010, Accuracy: 78.140%
2025-07-14 21:57:37 - Subject: sub-011, Accuracy: 63.721%
2025-07-14 21:57:41 - Subject: sub-012, Accuracy: 55.581%
2025-07-14 21:57:46 - Subject: sub-013, Accuracy: 57.907%
2025-07-14 21:57:53 - Subject: sub-014, Accuracy: 79.302%
2025-07-14 21:58:00 - Subject: sub-015, Accuracy: 77.674%
2025-07-14 21:58:06 - Subject: sub-016, Accuracy: 70.698%
2025-07-14 21:58:14 - Subject: sub-017, Accuracy: 64.884%
2025-07-14 21:58:19 - Subject: sub-018, Accuracy: 68.140%
2025-07-14 21:58:26 - Subject: sub-019, Accuracy: 69.767%
2025-07-14 21:58:30 - Subject: sub-020, Accuracy: 63.721%
2025-07-14 21:58:37 - Subject: sub-021, Accuracy: 67.907%
2025-07-14 21:58:44 - Subject: sub-022, Accuracy: 63.023%
2025-07-14 21:58:50 - Subject: sub-023, Accuracy: 72.558%
2025-07-14 21:58:57 - Subject: sub-024, Accuracy: 58.140%
2025-07-14 21:59:04 - Subject: sub-025, Accuracy: 74.186%
2025-07-14 21:59:11 - Subject: sub-026, Accuracy: 72.093%
2025-07-14 21:59:19 - Subject: sub-027, Accuracy: 54.884%
2025-07-14 21:59:27 - Subject: sub-028, Accuracy: 57.209%
2025-07-14 21:59:34 - Subject: sub-029, Accuracy: 64.419%
2025-07-14 21:59:39 - Subject: sub-030, Accuracy: 71.163%
2025-07-14 21:59:43 - Subject: sub-031, Accuracy: 73.023%
2025-07-14 21:59:53 - Subject: sub-032, Accuracy: 70.930%
2025-07-14 22:00:00 - Subject: sub-033, Accuracy: 76.279%
2025-07-14 22:00:06 - Subject: sub-034, Accuracy: 76.279%
2025-07-14 22:00:09 - Subject: sub-035, Accuracy: 72.791%
2025-07-14 22:00:15 - Subject: sub-036, Accuracy: 72.326%
2025-07-14 22:00:22 - Subject: sub-037, Accuracy: 71.860%
2025-07-14 22:00:27 - Subject: sub-038, Accuracy: 76.047%
2025-07-14 22:00:35 - Subject: sub-039, Accuracy: 63.721%
2025-07-14 22:00:41 - Subject: sub-040, Accuracy: 78.372%
2025-07-14 22:00:45 - Subject: sub-041, Accuracy: 73.721%
2025-07-14 22:00:50 - Subject: sub-042, Accuracy: 72.326%
2025-07-14 22:00:54 - Subject: sub-043, Accuracy: 55.349%
2025-07-14 22:01:07 - Subject: sub-044, Accuracy: 65.116%
2025-07-14 22:01:15 - Subject: sub-045, Accuracy: 61.628%
2025-07-14 22:01:23 - Subject: sub-046, Accuracy: 66.744%
2025-07-14 22:01:27 - Subject: sub-047, Accuracy: 65.116%
2025-07-14 22:01:37 - Subject: sub-048, Accuracy: 71.163%
2025-07-14 22:01:43 - Subject: sub-049, Accuracy: 67.209%
2025-07-14 22:01:49 - Subject: sub-050, Accuracy: 69.070%
2025-07-14 22:01:53 - Subject: sub-051, Accuracy: 53.023%
2025-07-14 22:01:59 - Subject: sub-052, Accuracy: 73.488%
2025-07-14 22:02:06 - Subject: sub-053, Accuracy: 72.326%
2025-07-14 22:02:11 - Subject: sub-054, Accuracy: 64.878%
2025-07-14 22:02:16 - Subject: sub-056, Accuracy: 79.767%
2025-07-14 22:02:21 - Subject: sub-057, Accuracy: 70.465%
2025-07-14 22:02:25 - Subject: sub-058, Accuracy: 62.326%
2025-07-14 22:02:31 - Subject: sub-059, Accuracy: 74.651%
2025-07-14 22:02:36 - Subject: sub-060, Accuracy: 69.767%
2025-07-14 22:02:41 - Subject: sub-061, Accuracy: 60.465%
2025-07-14 22:02:50 - Subject: sub-062, Accuracy: 55.116%
2025-07-14 22:02:55 - Subject: sub-063, Accuracy: 74.651%
2025-07-14 22:03:00 - Subject: sub-064, Accuracy: 74.186%
2025-07-14 22:03:07 - Subject: sub-065, Accuracy: 71.628%
2025-07-14 22:03:13 - Subject: sub-066, Accuracy: 73.953%
2025-07-14 22:03:17 - Subject: sub-067, Accuracy: 78.837%
2025-07-14 22:03:22 - Subject: sub-068, Accuracy: 53.488%
2025-07-14 22:03:27 - Subject: sub-069, Accuracy: 51.628%
2025-07-14 22:03:35 - Subject: sub-070, Accuracy: 71.628%
2025-07-14 22:03:43 - Subject: sub-071, Accuracy: 71.628%
2025-07-14 22:03:50 - Subject: sub-073, Accuracy: 60.930%
2025-07-14 22:03:57 - Subject: sub-074, Accuracy: 70.930%
2025-07-14 22:04:06 - Subject: sub-075, Accuracy: 73.721%
2025-07-14 22:04:16 - Subject: sub-076, Accuracy: 67.442%
2025-07-14 22:04:25 - Subject: sub-077, Accuracy: 70.698%
2025-07-14 22:04:33 - Subject: sub-078, Accuracy: 53.256%
2025-07-14 22:04:38 - Subject: sub-079, Accuracy: 64.186%
2025-07-14 22:04:42 - Subject: sub-080, Accuracy: 56.977%
2025-07-14 22:04:48 - Subject: sub-081, Accuracy: 65.349%
2025-07-14 22:04:58 - Subject: sub-082, Accuracy: 73.488%
2025-07-14 22:05:04 - Subject: sub-083, Accuracy: 38.837%
2025-07-14 22:05:10 - Subject: sub-111, Accuracy: 72.093%
2025-07-14 22:05:17 - Subject: sub-112, Accuracy: 70.465%
2025-07-14 22:05:21 - Subject: sub-113, Accuracy: 70.976%
2025-07-14 22:05:27 - Subject: sub-114, Accuracy: 76.585%
2025-07-14 22:05:36 - Subject: sub-115, Accuracy: 63.659%
2025-07-14 22:05:41 - Subject: sub-116, Accuracy: 80.976%
2025-07-14 22:05:49 - Subject: sub-117, Accuracy: 71.463%
2025-07-14 22:05:55 - Subject: sub-118, Accuracy: 75.854%
2025-07-14 22:06:00 - Subject: sub-119, Accuracy: 60.976%
2025-07-14 22:06:09 - Subject: sub-120, Accuracy: 63.171%
2025-07-14 22:06:13 - Subject: sub-121, Accuracy: 77.805%
2025-07-14 22:06:22 - Subject: sub-122, Accuracy: 74.878%
2025-07-14 22:06:31 - Subject: sub-123, Accuracy: 63.902%
2025-07-14 22:06:39 - Subject: sub-124, Accuracy: 73.023%
2025-07-14 22:06:44 - Subject: sub-125, Accuracy: 65.116%
2025-07-14 22:06:44 - 
Active Visual Oddball Statistics:
2025-07-14 22:06:44 - Mean Accuracy: 0.679
2025-07-14 22:06:44 - 95% Confidence Interval: [0.664, 0.695]
2025-07-14 22:06:44 - Best Subject: sub-116 (0.810)
2025-07-14 22:06:44 - Worst Subject: sub-083 (0.388)
