2025-08-07 17:47:06 - 
Experiment Configuration:
2025-08-07 17:47:06 - --------------------------------------------------
2025-08-07 17:47:06 - dataset: ds005863
2025-08-07 17:47:06 - use_combined_datasets: False
2025-08-07 17:47:06 - electrode_list: common
2025-08-07 17:47:06 - classifier: ShallowFBCSPNet
2025-08-07 17:47:06 - separate_subject_classification: False
2025-08-07 17:47:06 - use_subject_layer: False
2025-08-07 17:47:06 - seeds: [1]
2025-08-07 17:47:06 - --------------------------------------------------
2025-08-07 17:47:06 - 
==================================================
2025-08-07 17:47:06 - Processing Active Visual Oddball Dataset
2025-08-07 17:47:06 - ==================================================
2025-08-07 17:59:03 - Subject: sub_001, Accuracy: 76.923%
2025-08-07 17:59:03 - Subject: sub_002, Accuracy: 85.294%
2025-08-07 17:59:03 - Subject: sub_003, Accuracy: 79.167%
2025-08-07 17:59:03 - Subject: sub_004, Accuracy: 71.795%
2025-08-07 17:59:03 - Subject: sub_005, Accuracy: 83.019%
2025-08-07 17:59:03 - Subject: sub_006, Accuracy: 79.412%
2025-08-07 17:59:03 - Subject: sub_007, Accuracy: 87.755%
2025-08-07 17:59:03 - Subject: sub_008, Accuracy: 73.077%
2025-08-07 17:59:03 - Subject: sub_009, Accuracy: 78.571%
2025-08-07 17:59:03 - Subject: sub_010, Accuracy: 78.723%
2025-08-07 17:59:03 - Subject: sub_011, Accuracy: 86.364%
2025-08-07 17:59:03 - Subject: sub_012, Accuracy: 83.721%
2025-08-07 17:59:03 - Subject: sub_013, Accuracy: 83.333%
2025-08-07 17:59:03 - Subject: sub_014, Accuracy: 83.333%
2025-08-07 17:59:03 - Subject: sub_015, Accuracy: 75.926%
2025-08-07 17:59:03 - Subject: sub_016, Accuracy: 80.952%
2025-08-07 17:59:03 - Subject: sub_017, Accuracy: 83.333%
2025-08-07 17:59:03 - Subject: sub_018, Accuracy: 76.744%
2025-08-07 17:59:03 - Subject: sub_019, Accuracy: 76.471%
2025-08-07 17:59:03 - Subject: sub_020, Accuracy: 80.556%
2025-08-07 17:59:03 - Subject: sub_021, Accuracy: 87.500%
2025-08-07 17:59:03 - Subject: sub_022, Accuracy: 76.000%
2025-08-07 17:59:03 - Subject: sub_023, Accuracy: 80.769%
2025-08-07 17:59:03 - Subject: sub_024, Accuracy: 85.714%
2025-08-07 17:59:03 - Subject: sub_025, Accuracy: 80.000%
2025-08-07 17:59:03 - Subject: sub_026, Accuracy: 84.211%
2025-08-07 17:59:03 - Subject: sub_027, Accuracy: 76.744%
2025-08-07 17:59:03 - Subject: sub_028, Accuracy: 85.294%
2025-08-07 17:59:03 - Subject: sub_029, Accuracy: 86.047%
2025-08-07 17:59:03 - Subject: sub_030, Accuracy: 80.851%
2025-08-07 17:59:03 - Subject: sub_031, Accuracy: 76.190%
2025-08-07 17:59:03 - Subject: sub_032, Accuracy: 75.000%
2025-08-07 17:59:03 - Subject: sub_033, Accuracy: 78.947%
2025-08-07 17:59:03 - Subject: sub_034, Accuracy: 81.250%
2025-08-07 17:59:03 - Subject: sub_035, Accuracy: 87.805%
2025-08-07 17:59:03 - Subject: sub_036, Accuracy: 77.500%
2025-08-07 17:59:03 - Subject: sub_037, Accuracy: 73.529%
2025-08-07 17:59:03 - Subject: sub_038, Accuracy: 87.500%
2025-08-07 17:59:03 - Subject: sub_039, Accuracy: 89.744%
2025-08-07 17:59:03 - Subject: sub_040, Accuracy: 73.684%
2025-08-07 17:59:03 - Subject: sub_041, Accuracy: 78.571%
2025-08-07 17:59:03 - Subject: sub_042, Accuracy: 86.486%
2025-08-07 17:59:03 - Subject: sub_043, Accuracy: 84.211%
2025-08-07 17:59:03 - Subject: sub_044, Accuracy: 77.778%
2025-08-07 17:59:03 - Subject: sub_045, Accuracy: 82.222%
2025-08-07 17:59:03 - Subject: sub_046, Accuracy: 86.538%
2025-08-07 17:59:03 - Subject: sub_047, Accuracy: 82.609%
2025-08-07 17:59:03 - Subject: sub_048, Accuracy: 82.353%
2025-08-07 17:59:03 - Subject: sub_049, Accuracy: 78.947%
2025-08-07 17:59:03 - Subject: sub_050, Accuracy: 58.537%
2025-08-07 17:59:03 - Subject: sub_051, Accuracy: 80.000%
2025-08-07 17:59:03 - Subject: sub_052, Accuracy: 64.706%
2025-08-07 17:59:03 - Subject: sub_053, Accuracy: 70.588%
2025-08-07 17:59:03 - Subject: sub_054, Accuracy: 82.927%
2025-08-07 17:59:03 - Subject: sub_056, Accuracy: 68.750%
2025-08-07 17:59:03 - Subject: sub_057, Accuracy: 75.000%
2025-08-07 17:59:03 - Subject: sub_058, Accuracy: 83.333%
2025-08-07 17:59:03 - Subject: sub_059, Accuracy: 81.633%
2025-08-07 17:59:03 - Subject: sub_060, Accuracy: 77.551%
2025-08-07 17:59:03 - Subject: sub_061, Accuracy: 78.571%
2025-08-07 17:59:03 - Subject: sub_062, Accuracy: 76.087%
2025-08-07 17:59:03 - Subject: sub_063, Accuracy: 86.486%
2025-08-07 17:59:03 - Subject: sub_064, Accuracy: 75.000%
2025-08-07 17:59:03 - Subject: sub_065, Accuracy: 71.111%
2025-08-07 17:59:03 - Subject: sub_066, Accuracy: 68.571%
2025-08-07 17:59:03 - Subject: sub_067, Accuracy: 78.431%
2025-08-07 17:59:03 - Subject: sub_068, Accuracy: 78.431%
2025-08-07 17:59:03 - Subject: sub_069, Accuracy: 91.892%
2025-08-07 17:59:03 - Subject: sub_070, Accuracy: 75.000%
2025-08-07 17:59:03 - Subject: sub_071, Accuracy: 86.486%
2025-08-07 17:59:03 - Subject: sub_073, Accuracy: 76.087%
2025-08-07 17:59:03 - Subject: sub_074, Accuracy: 69.231%
2025-08-07 17:59:03 - Subject: sub_075, Accuracy: 77.083%
2025-08-07 17:59:03 - Subject: sub_076, Accuracy: 78.571%
2025-08-07 17:59:03 - Subject: sub_077, Accuracy: 79.545%
2025-08-07 17:59:03 - Subject: sub_078, Accuracy: 89.474%
2025-08-07 17:59:03 - Subject: sub_079, Accuracy: 75.000%
2025-08-07 17:59:03 - Subject: sub_080, Accuracy: 86.047%
2025-08-07 17:59:03 - Subject: sub_081, Accuracy: 81.481%
2025-08-07 17:59:03 - Subject: sub_082, Accuracy: 92.857%
2025-08-07 17:59:03 - Subject: sub_083, Accuracy: 87.500%
2025-08-07 17:59:03 - Subject: sub_111, Accuracy: 86.957%
2025-08-07 17:59:03 - Subject: sub_112, Accuracy: 73.469%
2025-08-07 17:59:03 - Subject: sub_113, Accuracy: 86.111%
2025-08-07 17:59:03 - Subject: sub_114, Accuracy: 83.784%
2025-08-07 17:59:03 - Subject: sub_115, Accuracy: 82.759%
2025-08-07 17:59:03 - Subject: sub_116, Accuracy: 82.979%
2025-08-07 17:59:03 - Subject: sub_117, Accuracy: 80.000%
2025-08-07 17:59:03 - Subject: sub_118, Accuracy: 80.488%
2025-08-07 17:59:03 - Subject: sub_119, Accuracy: 82.927%
2025-08-07 17:59:03 - Subject: sub_120, Accuracy: 80.556%
2025-08-07 17:59:03 - Subject: sub_121, Accuracy: 81.250%
2025-08-07 17:59:03 - Subject: sub_122, Accuracy: 83.784%
2025-08-07 17:59:03 - Subject: sub_123, Accuracy: 72.500%
2025-08-07 17:59:03 - Subject: sub_124, Accuracy: 74.359%
2025-08-07 17:59:03 - Subject: sub_125, Accuracy: 87.500%
2025-08-07 17:59:03 - 
AVO Pooled Model Statistics:
2025-08-07 17:59:03 - Mean Accuracy: 0.801
2025-08-07 17:59:03 - 95% Confidence Interval: [0.789, 0.813]
2025-08-07 17:59:03 - Best Subject: sub_082 (0.929)
2025-08-07 17:59:03 - Worst Subject: sub_050 (0.585)
