2025-07-14 21:12:22 - 
Experiment Configuration:
2025-07-14 21:12:22 - --------------------------------------------------
2025-07-14 21:12:22 - dataset: P3 Raw Data BIDS-Compatible
2025-07-14 21:12:22 - use_combined_datasets: False
2025-07-14 21:12:22 - electrode_list: common
2025-07-14 21:12:22 - classifier: lda
2025-07-14 21:12:22 - separate_subject_classification: False
2025-07-14 21:12:22 - seeds: [1, 2, 3, 4, 5, 6, 7, 8, 9, 10]
2025-07-14 21:12:22 - --------------------------------------------------
2025-07-14 21:12:22 - 
==================================================
2025-07-14 21:12:22 - Processing P3 Dataset
2025-07-14 21:12:22 - ==================================================
2025-07-14 21:17:52 - Subject: sub-001, Accuracy: 94.595%
2025-07-14 21:17:52 - Subject: sub-002, Accuracy: 98.958%
2025-07-14 21:17:52 - Subject: sub-003, Accuracy: 91.566%
2025-07-14 21:17:52 - Subject: sub-004, Accuracy: 96.471%
2025-07-14 21:17:52 - Subject: sub-005, Accuracy: 100.000%
2025-07-14 21:17:52 - Subject: sub-006, Accuracy: 95.714%
2025-07-14 21:17:52 - Subject: sub-007, Accuracy: 96.203%
2025-07-14 21:17:52 - Subject: sub-008, Accuracy: 89.474%
2025-07-14 21:17:52 - Subject: sub-009, Accuracy: 95.402%
2025-07-14 21:17:52 - Subject: sub-010, Accuracy: 96.154%
2025-07-14 21:17:52 - Subject: sub-011, Accuracy: 96.386%
2025-07-14 21:17:52 - Subject: sub-012, Accuracy: 96.842%
2025-07-14 21:17:52 - Subject: sub-013, Accuracy: 93.548%
2025-07-14 21:17:52 - Subject: sub-014, Accuracy: 94.186%
2025-07-14 21:17:52 - Subject: sub-015, Accuracy: 95.062%
2025-07-14 21:17:52 - Subject: sub-016, Accuracy: 91.892%
2025-07-14 21:17:52 - Subject: sub-017, Accuracy: 93.976%
2025-07-14 21:17:52 - Subject: sub-018, Accuracy: 98.592%
2025-07-14 21:17:52 - Subject: sub-019, Accuracy: 90.411%
2025-07-14 21:17:52 - Subject: sub-020, Accuracy: 95.294%
2025-07-14 21:17:52 - Subject: sub-021, Accuracy: 94.667%
2025-07-14 21:17:52 - Subject: sub-022, Accuracy: 96.296%
2025-07-14 21:17:52 - Subject: sub-023, Accuracy: 93.421%
2025-07-14 21:17:52 - Subject: sub-024, Accuracy: 94.118%
2025-07-14 21:17:52 - Subject: sub-025, Accuracy: 96.386%
2025-07-14 21:17:52 - Subject: sub-026, Accuracy: 95.714%
2025-07-14 21:17:52 - Subject: sub-027, Accuracy: 98.750%
2025-07-14 21:17:52 - Subject: sub-028, Accuracy: 92.308%
2025-07-14 21:17:52 - Subject: sub-029, Accuracy: 94.737%
2025-07-14 21:17:52 - Subject: sub-030, Accuracy: 88.158%
2025-07-14 21:17:52 - Subject: sub-031, Accuracy: 92.405%
2025-07-14 21:17:52 - Subject: sub-032, Accuracy: 93.506%
2025-07-14 21:17:52 - Subject: sub-033, Accuracy: 98.795%
2025-07-14 21:17:52 - Subject: sub-034, Accuracy: 93.651%
2025-07-14 21:17:52 - Subject: sub-035, Accuracy: 94.595%
2025-07-14 21:17:52 - Subject: sub-036, Accuracy: 91.463%
2025-07-14 21:17:52 - Subject: sub-037, Accuracy: 90.805%
2025-07-14 21:17:52 - Subject: sub-038, Accuracy: 95.506%
2025-07-14 21:17:52 - Subject: sub-039, Accuracy: 88.889%
2025-07-14 21:17:52 - Subject: sub-040, Accuracy: 95.652%
2025-07-14 21:17:52 - 
P3 Pooled Model (All Subjects) Statistics:
2025-07-14 21:17:52 - Mean Accuracy: 0.945
2025-07-14 21:17:52 - 95% Confidence Interval: [0.936, 0.954]
2025-07-14 21:17:52 - Best Subject: sub-005 (1.000)
2025-07-14 21:17:52 - Worst Subject: sub-030 (0.882)
